0 info it worked if it ends with ok
1 verbose cli [ 'C:\\Program Files\\nodejs\\node.exe',
1 verbose cli   'C:\\Program Files\\nodejs\\node_modules\\npm\\bin\\npm-cli.js',
1 verbose cli   'start' ]
2 info using npm@3.10.3
3 info using node@v6.4.0
4 verbose run-script [ 'prestart', 'start', 'poststart' ]
5 info lifecycle tradingapi@1.0.0~prestart: tradingapi@1.0.0
6 silly lifecycle tradingapi@1.0.0~prestart: no script for prestart, continuing
7 info lifecycle tradingapi@1.0.0~start: tradingapi@1.0.0
8 verbose lifecycle tradingapi@1.0.0~start: unsafe-perm in lifecycle true
9 verbose lifecycle tradingapi@1.0.0~start: PATH: C:\Program Files\nodejs\node_modules\npm\bin\node-gyp-bin;C:\Users\Max\Desktop\Projects\TradingAPI\node_modules\.bin;C:\Program Files\nodejs;C:\Users\Max\bin;C:\Users\Max\AppData\Local\Programs\Git\mingw64\bin;C:\Users\Max\AppData\Local\Programs\Git\usr\local\bin;C:\Users\Max\AppData\Local\Programs\Git\usr\bin;C:\Users\Max\AppData\Local\Programs\Git\usr\bin;C:\Users\Max\AppData\Local\Programs\Git\mingw64\bin;C:\Users\Max\AppData\Local\Programs\Git\usr\bin;C:\Users\Max\bin;C:\ProgramData\Oracle\Java\javapath;C:\Program Files\Common Files\Microsoft Shared\Windows Live;C:\Windows\system32;C:\Windows;C:\Windows\System32\Wbem;C:\Windows\System32\WindowsPowerShell\v1.0;C:\Program Files (x86)\ATI Technologies\ATI.ACE\Core-Static;C:\Program Files\Microsoft SQL Server\110\Tools\Binn;C:\Program Files\Common Files\Autodesk Shared;C:\Program Files (x86)\Autodesk\Backburner;C:\Program Files\TortoiseSVN\bin;C:\Program Files (x86)\AMD\ATI.ACE\Core-Static;C:\Program Files (x86)\Brackets\command;C:\Program Files (x86)\Windows Kits\8.1\Windows Performance Toolkit;C:\Program Files (x86)\LLVM\bin;C:\Program Files\nodejs;C:\Program Files\Common Files\Microsoft Shared\Windows Live;C:\Users\Max\AppData\Roaming\npm;C:\Program Files\phantomjs-2.1.1-windows\bin;C:\Users\Max\AppData\Local\Google\Chrome SxS\Application\chrome.exe;C:\Users\Max\AppData\Local\Programs\Git\usr\bin\vendor_perl;C:\Users\Max\AppData\Local\Programs\Git\usr\bin\core_perl
10 verbose lifecycle tradingapi@1.0.0~start: CWD: C:\Users\Max\Desktop\Projects\TradingAPI
11 silly lifecycle tradingapi@1.0.0~start: Args: [ '/d /s /c', 'node server.js' ]
12 silly lifecycle tradingapi@1.0.0~start: Returned: code: 1  signal: null
13 info lifecycle tradingapi@1.0.0~start: Failed to exec start script
14 verbose stack Error: tradingapi@1.0.0 start: `node server.js`
14 verbose stack Exit status 1
14 verbose stack     at EventEmitter.<anonymous> (C:\Program Files\nodejs\node_modules\npm\lib\utils\lifecycle.js:242:16)
14 verbose stack     at emitTwo (events.js:106:13)
14 verbose stack     at EventEmitter.emit (events.js:191:7)
14 verbose stack     at ChildProcess.<anonymous> (C:\Program Files\nodejs\node_modules\npm\lib\utils\spawn.js:40:14)
14 verbose stack     at emitTwo (events.js:106:13)
14 verbose stack     at ChildProcess.emit (events.js:191:7)
14 verbose stack     at maybeClose (internal/child_process.js:852:16)
14 verbose stack     at Process.ChildProcess._handle.onexit (internal/child_process.js:215:5)
15 verbose pkgid tradingapi@1.0.0
16 verbose cwd C:\Users\Max\Desktop\Projects\TradingAPI
17 error Windows_NT 6.1.7601
18 error argv "C:\\Program Files\\nodejs\\node.exe" "C:\\Program Files\\nodejs\\node_modules\\npm\\bin\\npm-cli.js" "start"
19 error node v6.4.0
20 error npm  v3.10.3
21 error code ELIFECYCLE
22 error tradingapi@1.0.0 start: `node server.js`
22 error Exit status 1
23 error Failed at the tradingapi@1.0.0 start script 'node server.js'.
23 error Make sure you have the latest version of node.js and npm installed.
23 error If you do, this is most likely a problem with the tradingapi package,
23 error not with npm itself.
23 error Tell the author that this fails on your system:
23 error     node server.js
23 error You can get information on how to open an issue for this project with:
23 error     npm bugs tradingapi
23 error Or if that isn't available, you can get their info via:
23 error     npm owner ls tradingapi
23 error There is likely additional logging output above.
24 verbose exit [ 1, true ]
